0 info it worked if it ends with ok
1 verbose cli [ 'node', '/usr/local/bin/npm', 'install', '-g', 'phonegap' ]
2 info using npm@2.11.3
3 info using node@v0.12.7
4 verbose install initial load of /usr/local/lib/package.json
5 verbose readDependencies loading dependencies from /usr/local/lib/package.json
6 silly cache add args [ 'phonegap', null ]
7 verbose cache add spec phonegap
8 silly cache add parsed spec { raw: 'phonegap',
8 silly cache add   scope: null,
8 silly cache add   name: 'phonegap',
8 silly cache add   rawSpec: '',
8 silly cache add   spec: '*',
8 silly cache add   type: 'range' }
9 silly addNamed phonegap@*
10 verbose addNamed "*" is a valid semver range for phonegap
11 silly addNameRange { name: 'phonegap', range: '*', hasData: false }
12 silly mapToRegistry name phonegap
13 silly mapToRegistry using default registry
14 silly mapToRegistry registry https://registry.npmjs.org/
15 silly mapToRegistry uri https://registry.npmjs.org/phonegap
16 verbose addNameRange registry:https://registry.npmjs.org/phonegap not in flight; fetching
17 verbose request uri https://registry.npmjs.org/phonegap
18 verbose request no auth needed
19 info attempt registry request try #1 at 7:19:15 PM
20 verbose request id 1ba9598c2198f59a
21 verbose etag "ENDIXU41K4ES3QCQJRNQF3SMA"
22 http request GET https://registry.npmjs.org/phonegap
23 http 200 https://registry.npmjs.org/phonegap
24 silly get cb [ 200,
24 silly get   { server: 'CouchDB/1.5.0 (Erlang OTP/R16B03)',
24 silly get     etag: '"9Y4FJ08N4PUOROFS6FY8NZPUG"',
24 silly get     'content-type': 'application/json',
24 silly get     'content-encoding': 'gzip',
24 silly get     'cache-control': 'max-age=300',
24 silly get     'content-length': '25107',
24 silly get     'accept-ranges': 'bytes',
24 silly get     date: 'Tue, 05 Apr 2016 17:19:14 GMT',
24 silly get     via: '1.1 varnish',
24 silly get     age: '196',
24 silly get     connection: 'keep-alive',
24 silly get     'x-served-by': 'cache-ams4139-AMS',
24 silly get     'x-cache': 'HIT',
24 silly get     'x-cache-hits': '1',
24 silly get     'x-timer': 'S1459876754.685857,VS0,VE0',
24 silly get     vary: 'Accept-Encoding' } ]
25 verbose get saving phonegap to /Users/bejtrup/.npm/registry.npmjs.org/phonegap/.cache.json
26 silly addNameRange number 2 { name: 'phonegap', range: '*', hasData: true }
27 silly addNameRange versions [ 'phonegap',
27 silly addNameRange   [ '0.2.0',
27 silly addNameRange     '0.2.1',
27 silly addNameRange     '0.2.2',
27 silly addNameRange     '0.3.0',
27 silly addNameRange     '0.4.0',
27 silly addNameRange     '0.4.1',
27 silly addNameRange     '0.5.0',
27 silly addNameRange     '0.6.0',
27 silly addNameRange     '0.6.1',
27 silly addNameRange     '0.7.0',
27 silly addNameRange     '0.7.1',
27 silly addNameRange     '0.7.2',
27 silly addNameRange     '0.7.3',
27 silly addNameRange     '0.7.4',
27 silly addNameRange     '0.7.5',
27 silly addNameRange     '0.7.6',
27 silly addNameRange     '0.7.7',
27 silly addNameRange     '0.7.8',
27 silly addNameRange     '0.8.0',
27 silly addNameRange     '0.8.1',
27 silly addNameRange     '0.9.0',
27 silly addNameRange     '0.9.1',
27 silly addNameRange     '0.9.2',
27 silly addNameRange     '0.9.3',
27 silly addNameRange     '0.9.4',
27 silly addNameRange     '2.8.0-0.10.0',
27 silly addNameRange     '2.8.0-0.10.1',
27 silly addNameRange     '2.8.0-0.10.2',
27 silly addNameRange     '2.8.0-0.10.3',
27 silly addNameRange     '2.8.0-0.10.4',
27 silly addNameRange     '2.8.0-0.10.6',
27 silly addNameRange     '2.8.1-0.11.0',
27 silly addNameRange     '2.9.0-0.12.2',
27 silly addNameRange     '2.9.0-0.12.3',
27 silly addNameRange     '2.9.0-0.12.4',
27 silly addNameRange     '2.9.0-0.12.5',
27 silly addNameRange     '2.9.0-0.12.6',
27 silly addNameRange     '2.9.0-0.12.7',
27 silly addNameRange     '2.9.0-0.12.8',
27 silly addNameRange     '2.9.0-rc1-0.12.0',
27 silly addNameRange     '2.9.0-rc1-0.12.1',
27 silly addNameRange     '2.9.0-rc1-0.12.2',
27 silly addNameRange     '2.9.0-0.12.9',
27 silly addNameRange     '2.9.0-0.12.10',
27 silly addNameRange     '2.9.0-0.12.11',
27 silly addNameRange     '2.9.0-0.13.0',
27 silly addNameRange     '2.9.0-0.13.1',
27 silly addNameRange     '2.9.0-0.13.2',
27 silly addNameRange     '3.0.0-rc1-0.13.2',
27 silly addNameRange     '3.0.0-rc1-0.13.3',
27 silly addNameRange     '3.0.0-0.14.0',
27 silly addNameRange     '3.0.0-0.14.1',
27 silly addNameRange     '3.0.0-0.14.2',
27 silly addNameRange     '3.0.0-0.14.3',
27 silly addNameRange     '3.0.0-0.14.4',
27 silly addNameRange     '3.1.0-0.15.0',
27 silly addNameRange     '3.2.0-0.15.0',
27 silly addNameRange     '3.2.0-0.16.0',
27 silly addNameRange     '3.2.0-0.17.0',
27 silly addNameRange     '3.2.0-0.17.1',
27 silly addNameRange     '3.3.0-0.17.1',
27 silly addNameRange     '3.3.0-0.18.0',
27 silly addNameRange     '3.3.0-0.18.1',
27 silly addNameRange     '3.3.0-0.19.0',
27 silly addNameRange     '3.3.0-0.19.1',
27 silly addNameRange     '3.3.0-0.19.2',
27 silly addNameRange     '3.3.0-0.19.3',
27 silly addNameRange     '3.3.0-0.19.4',
27 silly addNameRange     '3.3.0-0.19.5',
27 silly addNameRange     '3.3.0-0.19.6',
27 silly addNameRange     '3.4.0-0.19.7',
27 silly addNameRange     '3.4.0-0.19.8',
27 silly addNameRange     '3.4.0-0.19.9',
27 silly addNameRange     '3.4.0-0.19.10',
27 silly addNameRange     '3.4.0-0.19.11',
27 silly addNameRange     '3.4.0-0.19.12',
27 silly addNameRange     '3.4.0-0.19.13',
27 silly addNameRange     '3.4.0-0.19.14',
27 silly addNameRange     '3.4.0-0.19.15',
27 silly addNameRange     '3.4.0-0.19.16',
27 silly addNameRange     '3.4.0-0.19.17',
27 silly addNameRange     '3.4.0-0.19.18',
27 silly addNameRange     '3.4.0-0.19.19',
27 silly addNameRange     '3.4.0-0.19.20',
27 silly addNameRange     '3.4.0-0.19.21',
27 silly addNameRange     '3.4.0-0.20.0',
27 silly addNameRange     '3.5.0-0.19.23',
27 silly addNameRange     '3.5.0-0.20.0',
27 silly addNameRange     '3.5.0-0.20.1',
27 silly addNameRange     '3.5.0-0.20.3',
27 silly addNameRange     '3.5.0-0.20.4',
27 silly addNameRange     '3.5.0-0.20.5',
27 silly addNameRange     '3.5.0-0.20.6',
27 silly addNameRange     '3.5.0-0.20.7',
27 silly addNameRange     '3.5.0-0.20.9',
27 silly addNameRange     '3.5.0-0.20.10',
27 silly addNameRange     '3.5.0-0.20.14',
27 silly addNameRange     '3.5.0-0.21.14',
27 silly addNameRange     '3.5.0-0.21.15',
27 silly addNameRange     '3.5.0-0.21.16',
27 silly addNameRange     '3.5.0-0.21.17',
27 silly addNameRange     '3.5.0-0.21.18',
27 silly addNameRange     '3.6.0-0.21.18',
27 silly addNameRange     '3.6.0-0.21.19',
27 silly addNameRange     '3.6.3-0.22.0',
27 silly addNameRange     '3.6.3-0.22.1',
27 silly addNameRange     '3.6.3-0.22.2',
27 silly addNameRange     '3.6.3-0.22.3',
27 silly addNameRange     '3.6.3-0.22.4',
27 silly addNameRange     '3.6.3-0.22.5',
27 silly addNameRange     '3.6.3-0.22.6',
27 silly addNameRange     '3.6.3-0.22.7',
27 silly addNameRange     '4.0.0-0.22.7',
27 silly addNameRange     '4.1.2-0.22.7',
27 silly addNameRange     '4.1.2-0.22.8',
27 silly addNameRange     '4.1.2-0.22.9',
27 silly addNameRange     '4.1.2-0.22.10',
27 silly addNameRange     '4.1.2-0.22.11',
27 silly addNameRange     '4.1.2-0.22.12',
27 silly addNameRange     '4.2.0-0.23.0',
27 silly addNameRange     '4.2.0-0.24.0',
27 silly addNameRange     '4.2.0-0.24.1',
27 silly addNameRange     '4.2.0-0.24.2',
27 silly addNameRange     '4.2.0-0.25.0',
27 silly addNameRange     '4.2.0-0.26.0',
27 silly addNameRange     '5.0.0-0.27.0',
27 silly addNameRange     '5.0.0-0.27.1',
27 silly addNameRange     '5.0.0-0.28.0',
27 silly addNameRange     '5.0.0-0.28.1',
27 silly addNameRange     '5.1.1-0.29.0',
27 silly addNameRange     '5.1.1',
27 silly addNameRange     '5.2.0',
27 silly addNameRange     '5.2.1',
27 silly addNameRange     '5.2.2',
27 silly addNameRange     '5.2.3',
27 silly addNameRange     '5.3.1',
27 silly addNameRange     '5.3.2',
27 silly addNameRange     '5.3.3',
27 silly addNameRange     '5.3.4',
27 silly addNameRange     '5.3.5',
27 silly addNameRange     '5.3.6',
27 silly addNameRange     '5.3.7',
27 silly addNameRange     '5.3.8',
27 silly addNameRange     '5.3.9',
27 silly addNameRange     '5.3.10',
27 silly addNameRange     '5.4.0',
27 silly addNameRange     '5.4.1',
27 silly addNameRange     '5.5.0',
27 silly addNameRange     '5.5.1',
27 silly addNameRange     '5.5.2',
27 silly addNameRange     '6.0.0',
27 silly addNameRange     '6.0.1',
27 silly addNameRange     '6.0.2',
27 silly addNameRange     '6.0.3' ] ]
28 silly addNamed phonegap@6.0.3
29 verbose addNamed "6.0.3" is a plain semver version for phonegap
30 silly mapToRegistry name phonegap
31 silly mapToRegistry using default registry
32 silly mapToRegistry registry https://registry.npmjs.org/
33 silly mapToRegistry uri https://registry.npmjs.org/phonegap
34 verbose addRemoteTarball https://registry.npmjs.org/phonegap/-/phonegap-6.0.3.tgz not in flight; adding
35 verbose addRemoteTarball [ 'https://registry.npmjs.org/phonegap/-/phonegap-6.0.3.tgz',
35 verbose addRemoteTarball   'ac1377830b570ede886256b92c8dd98cb8bac68d' ]
36 info retry fetch attempt 1 at 7:19:15 PM
37 info attempt registry request try #1 at 7:19:15 PM
38 http fetch GET https://registry.npmjs.org/phonegap/-/phonegap-6.0.3.tgz
39 http fetch 200 https://registry.npmjs.org/phonegap/-/phonegap-6.0.3.tgz
40 silly fetchAndShaCheck shasum ac1377830b570ede886256b92c8dd98cb8bac68d
41 verbose addTmpTarball /var/folders/dr/bdgv1hn11b31pt6fjb6sqsdr0000gn/T/npm-48099-ea5b54e6/registry.npmjs.org/phonegap/-/phonegap-6.0.3.tgz not in flight; adding
42 verbose addTmpTarball already have metadata; skipping unpack for phonegap@6.0.3
43 verbose stack Error: EACCES, mkdir '/Users/bejtrup/.npm/phonegap/6.0.3'
43 verbose stack     at Error (native)
44 verbose cwd /Applications/MAMP/htdocs/www/bejtrup.PetProjects/kvdApp
45 error Darwin 15.0.0
46 error argv "node" "/usr/local/bin/npm" "install" "-g" "phonegap"
47 error node v0.12.7
48 error npm  v2.11.3
49 error path /Users/bejtrup/.npm/phonegap/6.0.3
50 error code EACCES
51 error errno -13
52 error Error: EACCES, mkdir '/Users/bejtrup/.npm/phonegap/6.0.3'
52 error     at Error (native)
52 error  { [Error: EACCES, mkdir '/Users/bejtrup/.npm/phonegap/6.0.3']
52 error   errno: -13,
52 error   code: 'EACCES',
52 error   path: '/Users/bejtrup/.npm/phonegap/6.0.3' }
53 error Please try running this command again as root/Administrator.
54 verbose exit [ -13, true ]
